Using pre-set license
Built from '2021.1/staging' branch; Version is '2021.1.5f1 (3737af19df53) revision 3618735'; Using compiler version '192528614'; Build Type 'Release'
OS: 'Windows 10 Pro; OS build 19044.2251; Version 2009; 64bit' Language: 'en' Physical Memory: 32730 MB
BatchMode: 1, IsHumanControllingUs: 0, StartBugReporterOnCrash: 0, Is64bit: 1, IsPro: 0

 COMMAND LINE ARGUMENTS:
C:\Program Files\Unity\Hub\Editor\2021.1.5f1\Editor\Unity.exe
-adb2
-batchMode
-noUpm
-name
AssetImportWorker17
-projectPath
D:/GameDev/SneakFast/SneakFast
-logFile
Logs/AssetImportWorker17.log
-srvPort
50234
Successfully changed project path to: D:/GameDev/SneakFast/SneakFast
D:/GameDev/SneakFast/SneakFast
Using Asset Import Pipeline V2.
Refreshing native plugins compatible for Editor in 2192.23 ms, found 2 plugins.
Preloading 0 native plugins for Editor in 0.00 ms.
Initialize engine version: 2021.1.5f1 (3737af19df53)
[Subsystems] Discovering subsystems at path C:/Program Files/Unity/Hub/Editor/2021.1.5f1/Editor/Data/Resources/UnitySubsystems
[Subsystems] Discovering subsystems at path D:/GameDev/SneakFast/SneakFast/Assets
GfxDevice: creating device client; threaded=0; jobified=0
Direct3D:
    Version:  Direct3D 11.0 [level 11.1]
    Renderer: NVIDIA GeForce GTX 1660 (ID=0x2184)
    Vendor:   NVIDIA
    VRAM:     5991 MB
    Driver:   30.0.15.1215
Shader 'Universal Render Pipeline/Particles/Lit': fallback shader 'Universal Render Pipeline/Particles/SimpleLit' not found
Initialize mono
Mono path[0] = 'C:/Program Files/Unity/Hub/Editor/2021.1.5f1/Editor/Data/Managed'
Mono path[1] = 'C:/Program Files/Unity/Hub/Editor/2021.1.5f1/Editor/Data/MonoBleedingEdge/lib/mono/unityjit'
Mono config path = 'C:/Program Files/Unity/Hub/Editor/2021.1.5f1/Editor/Data/MonoBleedingEdge/etc'
Using monoOptions --debugger-agent=transport=dt_socket,embedding=1,server=y,suspend=n,address=127.0.0.1:56724
Begin MonoManager ReloadAssembly
Registering precompiled unity dll's ...
Register platform support module: C:/Program Files/Unity/Hub/Editor/2021.1.5f1/Editor/Data/PlaybackEngines/WebGLSupport/UnityEditor.WebGL.Extensions.dll
Register platform support module: C:/Program Files/Unity/Hub/Editor/2021.1.5f1/Editor/Data/PlaybackEngines/MacStandaloneSupport/UnityEditor.OSXStandalone.Extensions.dll
Register platform support module: C:/Program Files/Unity/Hub/Editor/2021.1.5f1/Editor/Data/PlaybackEngines/WindowsStandaloneSupport/UnityEditor.WindowsStandalone.Extensions.dll
Register platform support module: C:/Program Files/Unity/Hub/Editor/2021.1.5f1/Editor/Data/PlaybackEngines/LinuxStandaloneSupport/UnityEditor.LinuxStandalone.Extensions.dll
Register platform support module: C:/Program Files/Unity/Hub/Editor/2021.1.5f1/Editor/Data/PlaybackEngines/LuminSupport/UnityEditor.Lumin.Extensions.dll
Registered in 0.019779 seconds.
Native extension for Lumin target not found
Native extension for LinuxStandalone target not found
Native extension for WindowsStandalone target not found
Native extension for OSXStandalone target not found
Native extension for WebGL target not found
Refreshing native plugins compatible for Editor in 426.43 ms, found 2 plugins.
Preloading 0 native plugins for Editor in 0.00 ms.
Mono: successfully reloaded assembly
- Completed reload, in 11.775 seconds
Platform modules already initialized, skipping
Registering precompiled user dll's ...
Registered in 0.018828 seconds.
Begin MonoManager ReloadAssembly
Native extension for Lumin target not found
Native extension for LinuxStandalone target not found
Native extension for WindowsStandalone target not found
Native extension for OSXStandalone target not found
Native extension for WebGL target not found
Refreshing native plugins compatible for Editor in 637.42 ms, found 2 plugins.
Preloading 0 native plugins for Editor in 0.00 ms.
Mono: successfully reloaded assembly
- Completed reload, in  5.330 seconds
Platform modules already initialized, skipping
========================================================================
Worker process is ready to serve import requests
Shader 'Universal Render Pipeline/Particles/Lit': fallback shader 'Universal Render Pipeline/Particles/SimpleLit' not found
Launched and connected shader compiler UnityShaderCompiler.exe after 0.13 seconds
Refreshing native plugins compatible for Editor in 9.26 ms, found 2 plugins.
Preloading 0 native plugins for Editor in 0.00 ms.
Unloading 4535 Unused Serialized files (Serialized files now loaded: 0)
System memory in use before: 196.0 MB.
System memory in use after: 196.1 MB.

Unloading 28 unused Assets to reduce memory usage. Loaded Objects now: 5011.
Total: 3.849600 ms (FindLiveObjects: 0.942200 ms CreateObjectMapping: 0.295100 ms MarkObjects: 2.488900 ms  DeleteObjects: 0.122400 ms)

========================================================================
Received Import Request.
  path: Assets/Assets/spritefast.png
  artifactKey: Guid(f97c4747b916da544b7e661a43d68377) Importer(815301076,1909f56bfc062723c751e8b465ee728b)
Start importing Assets/Assets/spritefast.png using Guid(f97c4747b916da544b7e661a43d68377) Importer(815301076,1909f56bfc062723c751e8b465ee728b)  -> (artifact id: '60736c3d348b07455e291ce9e4e16f26') in 1.793314 seconds 
========================================================================
Received Import Request.
  Time since last request: 23.147253 seconds.
  path: Assets/Treasure.asset
  artifactKey: Guid(97beb6e8e88737b4c82eb873dd03b14c) Importer(815301076,1909f56bfc062723c751e8b465ee728b)
Start importing Assets/Treasure.asset using Guid(97beb6e8e88737b4c82eb873dd03b14c) Importer(815301076,1909f56bfc062723c751e8b465ee728b)  -> (artifact id: 'f343fbccb5bf6eccec8338da7aa52b86') in 6.874072 seconds 
========================================================================
Received Import Request.
  Time since last request: 0.012828 seconds.
  path: Assets/Assets
  artifactKey: Guid(d25e887967c78a54882b2cb79192bea5) Importer(815301076,1909f56bfc062723c751e8b465ee728b)
Start importing Assets/Assets using Guid(d25e887967c78a54882b2cb79192bea5) Importer(815301076,1909f56bfc062723c751e8b465ee728b)  -> (artifact id: '5c1f6a9b13f82bb0c354c6ef147b8f0f') in 0.002574 seconds 
========================================================================
Received Import Request.
  Time since last request: 14.540366 seconds.
  path: Assets/Script
  artifactKey: Guid(4cdc43389bb065b4ca0aa8dc93460087) Importer(815301076,1909f56bfc062723c751e8b465ee728b)
Start importing Assets/Script using Guid(4cdc43389bb065b4ca0aa8dc93460087) Importer(815301076,1909f56bfc062723c751e8b465ee728b)  -> (artifact id: '30968dc978dbd2414351eb93cec64a63') in 0.265843 seconds 
========================================================================
Received Import Request.
  Time since last request: 11.819616 seconds.
  path: Assets/Entities
  artifactKey: Guid(52dc3c8ff2ef2ce4e81f3a31fe4bc202) Importer(815301076,1909f56bfc062723c751e8b465ee728b)
Start importing Assets/Entities using Guid(52dc3c8ff2ef2ce4e81f3a31fe4bc202) Importer(815301076,1909f56bfc062723c751e8b465ee728b)  -> (artifact id: '893bfd561de9e875421c533f9d59afec') in 0.101652 seconds 
========================================================================
Received Import Request.
  Time since last request: 9.742994 seconds.
  path: Assets/Entities/WallLight.prefab
  artifactKey: Guid(045bcaadb02d7ad4f8287affe1fd0825) Importer(815301076,1909f56bfc062723c751e8b465ee728b)
Start importing Assets/Entities/WallLight.prefab using Guid(045bcaadb02d7ad4f8287affe1fd0825) Importer(815301076,1909f56bfc062723c751e8b465ee728b)  -> (artifact id: '2cae62bcae35633baf9cf8b9c9f131b6') in 6.885467 seconds 
========================================================================
Received Import Request.
  Time since last request: 0.000127 seconds.
  path: Assets/Entities/UI Elements
  artifactKey: Guid(b61272b731000f847a0f8dbb7ea7b231) Importer(815301076,1909f56bfc062723c751e8b465ee728b)
Start importing Assets/Entities/UI Elements using Guid(b61272b731000f847a0f8dbb7ea7b231) Importer(815301076,1909f56bfc062723c751e8b465ee728b)  -> (artifact id: '48e11192968883fef8e265e62e401d85') in 0.002828 seconds 
========================================================================
Received Import Request.
  Time since last request: 0.000117 seconds.
  path: Assets/Scenes/SampleScene/NavMesh-NavMesh.asset
  artifactKey: Guid(ff9bd501117937e41b73683df06bd92c) Importer(815301076,1909f56bfc062723c751e8b465ee728b)
Start importing Assets/Scenes/SampleScene/NavMesh-NavMesh.asset using Guid(ff9bd501117937e41b73683df06bd92c) Importer(815301076,1909f56bfc062723c751e8b465ee728b)  -> (artifact id: '0c65074ebb363c1abfbe31dbe536398a') in 0.045270 seconds 
========================================================================
Received Import Request.
  Time since last request: 0.000081 seconds.
  path: Assets/Scenes/SampleScene.unity
  artifactKey: Guid(2cda990e2423bbf4892e6590ba056729) Importer(815301076,1909f56bfc062723c751e8b465ee728b)
Start importing Assets/Scenes/SampleScene.unity using Guid(2cda990e2423bbf4892e6590ba056729) Importer(815301076,1909f56bfc062723c751e8b465ee728b)  -> (artifact id: 'ddc9dec4e77e528b6cb4b6ba3bea9587') in 0.003046 seconds 
========================================================================
Received Import Request.
  Time since last request: 0.000079 seconds.
  path: Assets/Scenes
  artifactKey: Guid(859926d0b3d510045b4d87afb8bd942d) Importer(815301076,1909f56bfc062723c751e8b465ee728b)
Start importing Assets/Scenes using Guid(859926d0b3d510045b4d87afb8bd942d) Importer(815301076,1909f56bfc062723c751e8b465ee728b)  -> (artifact id: '355a99791b72550e25f9500ed519f9c7') in 0.003268 seconds 
========================================================================
Received Prepare
Registering precompiled user dll's ...
Registered in 0.024429 seconds.
Begin MonoManager ReloadAssembly
Native extension for Lumin target not found
Native extension for LinuxStandalone target not found
Native extension for WindowsStandalone target not found
Native extension for OSXStandalone target not found
Native extension for WebGL target not found
Refreshing native plugins compatible for Editor in 1.18 ms, found 2 plugins.
Preloading 0 native plugins for Editor in 0.00 ms.
Mono: successfully reloaded assembly
- Completed reload, in  5.336 seconds
Platform modules already initialized, skipping
Shader 'Universal Render Pipeline/Particles/Lit': fallback shader 'Universal Render Pipeline/Particles/SimpleLit' not found
Refreshing native plugins compatible for Editor in 321.69 ms, found 2 plugins.
Preloading 0 native plugins for Editor in 0.00 ms.
Unloading 4426 Unused Serialized files (Serialized files now loaded: 0)
System memory in use before: 193.6 MB.
System memory in use after: 193.8 MB.

Unloading 17 unused Assets to reduce memory usage. Loaded Objects now: 5041.
Total: 96.344900 ms (FindLiveObjects: 24.544000 ms CreateObjectMapping: 0.436000 ms MarkObjects: 71.127900 ms  DeleteObjects: 0.232900 ms)

========================================================================
Received Prepare
Registering precompiled user dll's ...
Registered in 0.007161 seconds.
Begin MonoManager ReloadAssembly
Native extension for Lumin target not found
Native extension for LinuxStandalone target not found
Native extension for WindowsStandalone target not found
Native extension for OSXStandalone target not found
Native extension for WebGL target not found
Refreshing native plugins compatible for Editor in 16.35 ms, found 2 plugins.
Preloading 0 native plugins for Editor in 0.00 ms.
Mono: successfully reloaded assembly
- Completed reload, in 17.920 seconds
Platform modules already initialized, skipping
Shader 'Universal Render Pipeline/Particles/Lit': fallback shader 'Universal Render Pipeline/Particles/SimpleLit' not found
Refreshing native plugins compatible for Editor in 0.80 ms, found 2 plugins.
Preloading 0 native plugins for Editor in 0.00 ms.
Unloading 4425 Unused Serialized files (Serialized files now loaded: 0)
System memory in use before: 193.7 MB.
System memory in use after: 193.8 MB.

Unloading 17 unused Assets to reduce memory usage. Loaded Objects now: 5045.
Total: 4.095800 ms (FindLiveObjects: 0.873800 ms CreateObjectMapping: 0.477200 ms MarkObjects: 2.629100 ms  DeleteObjects: 0.114200 ms)

========================================================================
Received Prepare
Registering precompiled user dll's ...
Registered in 0.014300 seconds.
Begin MonoManager ReloadAssembly
Native extension for Lumin target not found
Native extension for LinuxStandalone target not found
Native extension for WindowsStandalone target not found
Native extension for OSXStandalone target not found
Native extension for WebGL target not found
Refreshing native plugins compatible for Editor in 3.35 ms, found 2 plugins.
Preloading 0 native plugins for Editor in 0.00 ms.
Mono: successfully reloaded assembly
- Completed reload, in  7.865 seconds
Platform modules already initialized, skipping
Shader 'Universal Render Pipeline/Particles/Lit': fallback shader 'Universal Render Pipeline/Particles/SimpleLit' not found
Refreshing native plugins compatible for Editor in 1.03 ms, found 2 plugins.
Preloading 0 native plugins for Editor in 0.00 ms.
Unloading 4425 Unused Serialized files (Serialized files now loaded: 0)
System memory in use before: 193.7 MB.
System memory in use after: 193.8 MB.

Unloading 17 unused Assets to reduce memory usage. Loaded Objects now: 5049.
Total: 33.656600 ms (FindLiveObjects: 27.961900 ms CreateObjectMapping: 0.386500 ms MarkObjects: 5.118500 ms  DeleteObjects: 0.188100 ms)

========================================================================
Received Import Request.
  Time since last request: 1335.418935 seconds.
  path: Assets/Entities/Interactables/Door.prefab
  artifactKey: Guid(21c22f37425d72846b8cdacb84efa99d) Importer(815301076,1909f56bfc062723c751e8b465ee728b)
Start importing Assets/Entities/Interactables/Door.prefab using Guid(21c22f37425d72846b8cdacb84efa99d) Importer(815301076,1909f56bfc062723c751e8b465ee728b)  -> (artifact id: '32710b794da2c90264dab40d6675e213') in 35.504726 seconds 
========================================================================
Received Import Request.
  Time since last request: 0.000115 seconds.
  path: Assets/Entities/Interactables/Exit.prefab
  artifactKey: Guid(af964f31ba9f75e42a4b429fc19c3a39) Importer(815301076,1909f56bfc062723c751e8b465ee728b)
Start importing Assets/Entities/Interactables/Exit.prefab using Guid(af964f31ba9f75e42a4b429fc19c3a39) Importer(815301076,1909f56bfc062723c751e8b465ee728b)  -> (artifact id: '7046ba4e072f147b4d03585f92ce87c9') in 5.177837 seconds 
========================================================================
Received Import Request.
  Time since last request: 0.000299 seconds.
  path: Assets/Entities/Interactables/Pip.prefab
  artifactKey: Guid(df081af1897928841ae0d5900796f8e2) Importer(815301076,1909f56bfc062723c751e8b465ee728b)
Start importing Assets/Entities/Interactables/Pip.prefab using Guid(df081af1897928841ae0d5900796f8e2) Importer(815301076,1909f56bfc062723c751e8b465ee728b)  -> (artifact id: '8514733647ee2487ba03882a73baaeed') in 0.293916 seconds 
========================================================================
Received Import Request.
  Time since last request: 0.000169 seconds.
  path: Assets/Entities/Interactables/Treasure.prefab
  artifactKey: Guid(01acab7dce738464eb023c9202cfbdbc) Importer(815301076,1909f56bfc062723c751e8b465ee728b)
Start importing Assets/Entities/Interactables/Treasure.prefab using Guid(01acab7dce738464eb023c9202cfbdbc) Importer(815301076,1909f56bfc062723c751e8b465ee728b)  -> (artifact id: 'a8c19d0d64ce64eaf2308aff3c092b87') in 0.197475 seconds 
========================================================================
Received Prepare
Registering precompiled user dll's ...
Registered in 0.055797 seconds.
Begin MonoManager ReloadAssembly
Native extension for Lumin target not found
Native extension for LinuxStandalone target not found
Native extension for WindowsStandalone target not found
Native extension for OSXStandalone target not found
Native extension for WebGL target not found
Refreshing native plugins compatible for Editor in 1.46 ms, found 2 plugins.
Preloading 0 native plugins for Editor in 0.00 ms.
Mono: successfully reloaded assembly
- Completed reload, in 113.273 seconds
Platform modules already initialized, skipping
Shader 'Universal Render Pipeline/Particles/Lit': fallback shader 'Universal Render Pipeline/Particles/SimpleLit' not found
Refreshing native plugins compatible for Editor in 1861.27 ms, found 2 plugins.
Preloading 0 native plugins for Editor in 0.00 ms.
Unloading 4425 Unused Serialized files (Serialized files now loaded: 0)
System memory in use before: 195.9 MB.
System memory in use after: 196.1 MB.

Unloading 20 unused Assets to reduce memory usage. Loaded Objects now: 5097.
Total: 255.397400 ms (FindLiveObjects: 26.525200 ms CreateObjectMapping: 7.481600 ms MarkObjects: 221.213200 ms  DeleteObjects: 0.175900 ms)

========================================================================
Received Prepare
Registering precompiled user dll's ...
Registered in 0.013616 seconds.
Begin MonoManager ReloadAssembly
Native extension for Lumin target not found
Native extension for LinuxStandalone target not found
Native extension for WindowsStandalone target not found
Native extension for OSXStandalone target not found
Native extension for WebGL target not found
Refreshing native plugins compatible for Editor in 0.82 ms, found 2 plugins.
Preloading 0 native plugins for Editor in 0.00 ms.
Mono: successfully reloaded assembly
- Completed reload, in  3.962 seconds
Platform modules already initialized, skipping
Shader 'Universal Render Pipeline/Particles/Lit': fallback shader 'Universal Render Pipeline/Particles/SimpleLit' not found
Refreshing native plugins compatible for Editor in 2.20 ms, found 2 plugins.
Preloading 0 native plugins for Editor in 0.00 ms.
Unloading 4425 Unused Serialized files (Serialized files now loaded: 0)
System memory in use before: 196.0 MB.
System memory in use after: 196.1 MB.

Unloading 17 unused Assets to reduce memory usage. Loaded Objects now: 5101.
Total: 6.640600 ms (FindLiveObjects: 0.705100 ms CreateObjectMapping: 0.819700 ms MarkObjects: 4.981400 ms  DeleteObjects: 0.132200 ms)

