Using pre-set license
Built from '2021.1/staging' branch; Version is '2021.1.5f1 (3737af19df53) revision 3618735'; Using compiler version '192528614'; Build Type 'Release'
OS: 'Windows 10 Pro; OS build 19044.2251; Version 2009; 64bit' Language: 'en' Physical Memory: 32730 MB
BatchMode: 1, IsHumanControllingUs: 0, StartBugReporterOnCrash: 0, Is64bit: 1, IsPro: 0

 COMMAND LINE ARGUMENTS:
C:\Program Files\Unity\Hub\Editor\2021.1.5f1\Editor\Unity.exe
-adb2
-batchMode
-noUpm
-name
AssetImportWorker0
-projectPath
D:/GameDev/SneakFast/SneakFast
-logFile
Logs/AssetImportWorker0.log
-srvPort
50832
Successfully changed project path to: D:/GameDev/SneakFast/SneakFast
D:/GameDev/SneakFast/SneakFast
Using Asset Import Pipeline V2.
Refreshing native plugins compatible for Editor in 155.91 ms, found 2 plugins.
Preloading 0 native plugins for Editor in 0.00 ms.
Initialize engine version: 2021.1.5f1 (3737af19df53)
[Subsystems] Discovering subsystems at path C:/Program Files/Unity/Hub/Editor/2021.1.5f1/Editor/Data/Resources/UnitySubsystems
[Subsystems] Discovering subsystems at path D:/GameDev/SneakFast/SneakFast/Assets
GfxDevice: creating device client; threaded=0; jobified=0
Direct3D:
    Version:  Direct3D 11.0 [level 11.1]
    Renderer: NVIDIA GeForce GTX 1660 (ID=0x2184)
    Vendor:   NVIDIA
    VRAM:     5991 MB
    Driver:   31.0.15.1694
Shader 'Universal Render Pipeline/Particles/Lit': fallback shader 'Universal Render Pipeline/Particles/SimpleLit' not found
Initialize mono
Mono path[0] = 'C:/Program Files/Unity/Hub/Editor/2021.1.5f1/Editor/Data/Managed'
Mono path[1] = 'C:/Program Files/Unity/Hub/Editor/2021.1.5f1/Editor/Data/MonoBleedingEdge/lib/mono/unityjit'
Mono config path = 'C:/Program Files/Unity/Hub/Editor/2021.1.5f1/Editor/Data/MonoBleedingEdge/etc'
Using monoOptions --debugger-agent=transport=dt_socket,embedding=1,server=y,suspend=n,address=127.0.0.1:56648
Begin MonoManager ReloadAssembly
Registering precompiled unity dll's ...
Register platform support module: C:/Program Files/Unity/Hub/Editor/2021.1.5f1/Editor/Data/PlaybackEngines/WebGLSupport/UnityEditor.WebGL.Extensions.dll
Register platform support module: C:/Program Files/Unity/Hub/Editor/2021.1.5f1/Editor/Data/PlaybackEngines/MacStandaloneSupport/UnityEditor.OSXStandalone.Extensions.dll
Register platform support module: C:/Program Files/Unity/Hub/Editor/2021.1.5f1/Editor/Data/PlaybackEngines/WindowsStandaloneSupport/UnityEditor.WindowsStandalone.Extensions.dll
Register platform support module: C:/Program Files/Unity/Hub/Editor/2021.1.5f1/Editor/Data/PlaybackEngines/LinuxStandaloneSupport/UnityEditor.LinuxStandalone.Extensions.dll
Register platform support module: C:/Program Files/Unity/Hub/Editor/2021.1.5f1/Editor/Data/PlaybackEngines/LuminSupport/UnityEditor.Lumin.Extensions.dll
Registered in 0.004992 seconds.
Native extension for Lumin target not found
Native extension for LinuxStandalone target not found
Native extension for WindowsStandalone target not found
Native extension for OSXStandalone target not found
Native extension for WebGL target not found
Refreshing native plugins compatible for Editor in 204.21 ms, found 2 plugins.
Preloading 0 native plugins for Editor in 0.00 ms.
Mono: successfully reloaded assembly
- Completed reload, in  3.593 seconds
Platform modules already initialized, skipping
Registering precompiled user dll's ...
Registered in 0.003489 seconds.
Begin MonoManager ReloadAssembly
Native extension for Lumin target not found
Native extension for LinuxStandalone target not found
Native extension for WindowsStandalone target not found
Native extension for OSXStandalone target not found
Native extension for WebGL target not found
Refreshing native plugins compatible for Editor in 207.36 ms, found 2 plugins.
Preloading 0 native plugins for Editor in 0.00 ms.
Mono: successfully reloaded assembly
- Completed reload, in  1.995 seconds
Platform modules already initialized, skipping
========================================================================
Worker process is ready to serve import requests
Shader 'Universal Render Pipeline/Particles/Lit': fallback shader 'Universal Render Pipeline/Particles/SimpleLit' not found
Launched and connected shader compiler UnityShaderCompiler.exe after 0.05 seconds
Refreshing native plugins compatible for Editor in 0.79 ms, found 2 plugins.
Preloading 0 native plugins for Editor in 0.00 ms.
Unloading 4555 Unused Serialized files (Serialized files now loaded: 0)
System memory in use before: 196.7 MB.
System memory in use after: 196.8 MB.

Unloading 28 unused Assets to reduce memory usage. Loaded Objects now: 5031.
Total: 3.699500 ms (FindLiveObjects: 0.370400 ms CreateObjectMapping: 0.409900 ms MarkObjects: 2.778800 ms  DeleteObjects: 0.138800 ms)

========================================================================
Received Import Request.
  path: Assets/Assets/Tilemaps/TileSprites/SS_NormalsFloor.png
  artifactKey: Guid(5614e2cd16dbf50418bb2be4c94eb188) Importer(815301076,1909f56bfc062723c751e8b465ee728b)
Start importing Assets/Assets/Tilemaps/TileSprites/SS_NormalsFloor.png using Guid(5614e2cd16dbf50418bb2be4c94eb188) Importer(815301076,1909f56bfc062723c751e8b465ee728b)  -> (artifact id: 'eb9dc449677bcf4e1fffc2ce12d11f63') in 0.154243 seconds 
========================================================================
Received Import Request.
  Time since last request: 2237.847989 seconds.
  path: Assets/Assets/Tilemaps/TileSprites/SS_NormalsFloor 1.png
  artifactKey: Guid(e3da4b78ac3171f4b9d54dbf27870850) Importer(815301076,1909f56bfc062723c751e8b465ee728b)
Start importing Assets/Assets/Tilemaps/TileSprites/SS_NormalsFloor 1.png using Guid(e3da4b78ac3171f4b9d54dbf27870850) Importer(815301076,1909f56bfc062723c751e8b465ee728b)  -> (artifact id: '5bb08b201c110deab2303a10c969ba68') in 0.053715 seconds 
========================================================================
Received Import Request.
  Time since last request: 8.358550 seconds.
  path: Assets/Assets/Tilemaps/TileSprites/SS_NormalsFloor 1.png
  artifactKey: Guid(e3da4b78ac3171f4b9d54dbf27870850) Importer(815301076,1909f56bfc062723c751e8b465ee728b)
Start importing Assets/Assets/Tilemaps/TileSprites/SS_NormalsFloor 1.png using Guid(e3da4b78ac3171f4b9d54dbf27870850) Importer(815301076,1909f56bfc062723c751e8b465ee728b)  -> (artifact id: 'b0a2016505e086c17f37b4f52fcf6173') in 0.029788 seconds 
========================================================================
Received Import Request.
  Time since last request: 30.795547 seconds.
  path: Assets/Assets/Tilemaps/TileSprites/SS_NormalsFloor 1.png
  artifactKey: Guid(e3da4b78ac3171f4b9d54dbf27870850) Importer(815301076,1909f56bfc062723c751e8b465ee728b)
Start importing Assets/Assets/Tilemaps/TileSprites/SS_NormalsFloor 1.png using Guid(e3da4b78ac3171f4b9d54dbf27870850) Importer(815301076,1909f56bfc062723c751e8b465ee728b)  -> (artifact id: 'c823cb1f3c6b086a9867dec29bfdc620') in 0.013543 seconds 
========================================================================
Received Import Request.
  Time since last request: 9.199010 seconds.
  path: Assets/Assets/Tilemaps/Walls.asset
  artifactKey: Guid(92a97014f3c490341b00207f26a877f0) Importer(815301076,1909f56bfc062723c751e8b465ee728b)
Start importing Assets/Assets/Tilemaps/Walls.asset using Guid(92a97014f3c490341b00207f26a877f0) Importer(815301076,1909f56bfc062723c751e8b465ee728b)  -> (artifact id: 'e16caae8eda2b3adaaa4712762a35c42') in 0.024670 seconds 
========================================================================
Received Import Request.
  Time since last request: 39.543880 seconds.
  path: Assets/Assets/Tilemaps/TileSprites/SS_NormalsFloor 1.png
  artifactKey: Guid(e3da4b78ac3171f4b9d54dbf27870850) Importer(815301076,1909f56bfc062723c751e8b465ee728b)
Start importing Assets/Assets/Tilemaps/TileSprites/SS_NormalsFloor 1.png using Guid(e3da4b78ac3171f4b9d54dbf27870850) Importer(815301076,1909f56bfc062723c751e8b465ee728b)  -> (artifact id: '3308b203b2955776a58240ee0e68d4f7') in 0.033098 seconds 
========================================================================
Received Prepare
Registering precompiled user dll's ...
Registered in 0.003256 seconds.
Begin MonoManager ReloadAssembly
Native extension for Lumin target not found
Native extension for LinuxStandalone target not found
Native extension for WindowsStandalone target not found
Native extension for OSXStandalone target not found
Native extension for WebGL target not found
Refreshing native plugins compatible for Editor in 0.95 ms, found 2 plugins.
Preloading 0 native plugins for Editor in 0.00 ms.
Mono: successfully reloaded assembly
- Completed reload, in  1.736 seconds
Platform modules already initialized, skipping
Shader 'Universal Render Pipeline/Particles/Lit': fallback shader 'Universal Render Pipeline/Particles/SimpleLit' not found
Refreshing native plugins compatible for Editor in 1.06 ms, found 2 plugins.
Preloading 0 native plugins for Editor in 0.00 ms.
Unloading 4447 Unused Serialized files (Serialized files now loaded: 0)
System memory in use before: 196.0 MB.
System memory in use after: 196.1 MB.

Unloading 17 unused Assets to reduce memory usage. Loaded Objects now: 5118.
Total: 5.009500 ms (FindLiveObjects: 0.365700 ms CreateObjectMapping: 0.357000 ms MarkObjects: 4.172100 ms  DeleteObjects: 0.113400 ms)

========================================================================
Received Import Request.
  Time since last request: 36.639202 seconds.
  path: Assets/Assets/Tilemaps/TileSprites/SS_NormalsFloor 1.png
  artifactKey: Guid(e3da4b78ac3171f4b9d54dbf27870850) Importer(815301076,1909f56bfc062723c751e8b465ee728b)
Start importing Assets/Assets/Tilemaps/TileSprites/SS_NormalsFloor 1.png using Guid(e3da4b78ac3171f4b9d54dbf27870850) Importer(815301076,1909f56bfc062723c751e8b465ee728b)  -> (artifact id: '0d107fb3998636dffeb1d73ef1aa7ef9') in 0.070826 seconds 
========================================================================
Received Import Request.
  Time since last request: 19.130556 seconds.
  path: Assets/Assets/Tilemaps/TileSprites/SS_NormalsFloor 1.png
  artifactKey: Guid(e3da4b78ac3171f4b9d54dbf27870850) Importer(815301076,1909f56bfc062723c751e8b465ee728b)
Start importing Assets/Assets/Tilemaps/TileSprites/SS_NormalsFloor 1.png using Guid(e3da4b78ac3171f4b9d54dbf27870850) Importer(815301076,1909f56bfc062723c751e8b465ee728b)  -> (artifact id: '98e5bf93ff433f3b1c60f527412c6226') in 0.031319 seconds 
========================================================================
Received Import Request.
  Time since last request: 8.931211 seconds.
  path: Assets/Assets/Tilemaps/TileSprites/SS_NormalsFloor 1.png
  artifactKey: Guid(e3da4b78ac3171f4b9d54dbf27870850) Importer(815301076,1909f56bfc062723c751e8b465ee728b)
Start importing Assets/Assets/Tilemaps/TileSprites/SS_NormalsFloor 1.png using Guid(e3da4b78ac3171f4b9d54dbf27870850) Importer(815301076,1909f56bfc062723c751e8b465ee728b)  -> (artifact id: '8033430607dd59714222bcc59cad4f7e') in 0.008408 seconds 
========================================================================
Received Import Request.
  Time since last request: 177.126922 seconds.
  path: Assets/Assets/Tilemaps/TileSprites/SS_NormalsFloor 2.png
  artifactKey: Guid(cda89fcd4872e834faead326e1d3496f) Importer(815301076,1909f56bfc062723c751e8b465ee728b)
Start importing Assets/Assets/Tilemaps/TileSprites/SS_NormalsFloor 2.png using Guid(cda89fcd4872e834faead326e1d3496f) Importer(815301076,1909f56bfc062723c751e8b465ee728b)  -> (artifact id: '743530537d72e780253922c8dd9fa6b5') in 0.014070 seconds 
========================================================================
Received Import Request.
  Time since last request: 19.101656 seconds.
  path: Assets/Assets/Tilemaps/TileSprites/SS_NormalsFloor 2.png
  artifactKey: Guid(cda89fcd4872e834faead326e1d3496f) Importer(815301076,1909f56bfc062723c751e8b465ee728b)
Start importing Assets/Assets/Tilemaps/TileSprites/SS_NormalsFloor 2.png using Guid(cda89fcd4872e834faead326e1d3496f) Importer(815301076,1909f56bfc062723c751e8b465ee728b)  -> (artifact id: 'fcc56bd2c73cc81f6571490df528f802') in 0.013619 seconds 
========================================================================
Received Import Request.
  Time since last request: 48.579799 seconds.
  path: Assets/Assets/Tilemaps/TileSprites/SS_NormalsFloor 2.png
  artifactKey: Guid(cda89fcd4872e834faead326e1d3496f) Importer(815301076,1909f56bfc062723c751e8b465ee728b)
Start importing Assets/Assets/Tilemaps/TileSprites/SS_NormalsFloor 2.png using Guid(cda89fcd4872e834faead326e1d3496f) Importer(815301076,1909f56bfc062723c751e8b465ee728b)  -> (artifact id: 'bbaca724508b1e379af8cc543cc31e78') in 0.016795 seconds 
========================================================================
Received Prepare
Registering precompiled user dll's ...
Registered in 0.005407 seconds.
Begin MonoManager ReloadAssembly
Native extension for Lumin target not found
Native extension for LinuxStandalone target not found
Native extension for WindowsStandalone target not found
Native extension for OSXStandalone target not found
Native extension for WebGL target not found
Refreshing native plugins compatible for Editor in 0.77 ms, found 2 plugins.
Preloading 0 native plugins for Editor in 0.00 ms.
Mono: successfully reloaded assembly
- Completed reload, in  1.490 seconds
Platform modules already initialized, skipping
Shader 'Universal Render Pipeline/Particles/Lit': fallback shader 'Universal Render Pipeline/Particles/SimpleLit' not found
Refreshing native plugins compatible for Editor in 3.29 ms, found 2 plugins.
Preloading 0 native plugins for Editor in 0.00 ms.
Unloading 4446 Unused Serialized files (Serialized files now loaded: 0)
System memory in use before: 198.4 MB.
System memory in use after: 198.5 MB.

Unloading 17 unused Assets to reduce memory usage. Loaded Objects now: 5208.
Total: 2.964200 ms (FindLiveObjects: 0.339400 ms CreateObjectMapping: 0.259500 ms MarkObjects: 2.251400 ms  DeleteObjects: 0.112900 ms)

========================================================================
Received Import Request.
  Time since last request: 4606.960858 seconds.
  path: Assets/Assets/Tilemaps/TileSprites/TileMapSpritesheetGrounds 1.png
  artifactKey: Guid(9200e7cb6f16d564585f6eda6cdcb125) Importer(815301076,1909f56bfc062723c751e8b465ee728b)
Start importing Assets/Assets/Tilemaps/TileSprites/TileMapSpritesheetGrounds 1.png using Guid(9200e7cb6f16d564585f6eda6cdcb125) Importer(815301076,1909f56bfc062723c751e8b465ee728b)  -> (artifact id: 'eedfd33dc86d3e8ff369afcb22de878d') in 0.083272 seconds 
========================================================================
Received Import Request.
  Time since last request: 7.793337 seconds.
  path: Assets/Assets/Tilemaps/TileSprites/TileMapSpritesheetGrounds 1.png
  artifactKey: Guid(9200e7cb6f16d564585f6eda6cdcb125) Importer(815301076,1909f56bfc062723c751e8b465ee728b)
Start importing Assets/Assets/Tilemaps/TileSprites/TileMapSpritesheetGrounds 1.png using Guid(9200e7cb6f16d564585f6eda6cdcb125) Importer(815301076,1909f56bfc062723c751e8b465ee728b)  -> (artifact id: '4ad2de856b41bc248da4ec71a6cba4af') in 0.015390 seconds 
========================================================================
Received Import Request.
  Time since last request: 15.437363 seconds.
  path: Assets/Assets/Tilemaps/TileSprites/TileMapSpritesheetGrounds 1.png
  artifactKey: Guid(9200e7cb6f16d564585f6eda6cdcb125) Importer(815301076,1909f56bfc062723c751e8b465ee728b)
Start importing Assets/Assets/Tilemaps/TileSprites/TileMapSpritesheetGrounds 1.png using Guid(9200e7cb6f16d564585f6eda6cdcb125) Importer(815301076,1909f56bfc062723c751e8b465ee728b)  -> (artifact id: '24371e197a0bed8c575f080964167831') in 0.015762 seconds 
========================================================================
Received Import Request.
  Time since last request: 73.034981 seconds.
  path: Assets/Assets/Tilemaps/TileSprites/WallMaterials.mat
  artifactKey: Guid(e000607eb240aad45b1b15d6a7596d51) Importer(815301076,1909f56bfc062723c751e8b465ee728b)
Start importing Assets/Assets/Tilemaps/TileSprites/WallMaterials.mat using Guid(e000607eb240aad45b1b15d6a7596d51) Importer(815301076,1909f56bfc062723c751e8b465ee728b)  -> (artifact id: 'faef097cd3a7178ae685ab3193a2ffee') in 0.234345 seconds 
========================================================================
Received Prepare
Registering precompiled user dll's ...
Registered in 0.006800 seconds.
Begin MonoManager ReloadAssembly
Native extension for Lumin target not found
Native extension for LinuxStandalone target not found
Native extension for WindowsStandalone target not found
Native extension for OSXStandalone target not found
Native extension for WebGL target not found
Refreshing native plugins compatible for Editor in 0.75 ms, found 2 plugins.
Preloading 0 native plugins for Editor in 0.00 ms.
Mono: successfully reloaded assembly
- Completed reload, in  1.265 seconds
Platform modules already initialized, skipping
Shader 'Universal Render Pipeline/Particles/Lit': fallback shader 'Universal Render Pipeline/Particles/SimpleLit' not found
Refreshing native plugins compatible for Editor in 0.76 ms, found 2 plugins.
Preloading 0 native plugins for Editor in 0.00 ms.
Unloading 4446 Unused Serialized files (Serialized files now loaded: 0)
System memory in use before: 202.1 MB.
System memory in use after: 202.2 MB.

Unloading 17 unused Assets to reduce memory usage. Loaded Objects now: 5332.
Total: 5.353900 ms (FindLiveObjects: 0.371300 ms CreateObjectMapping: 0.247400 ms MarkObjects: 4.615700 ms  DeleteObjects: 0.118400 ms)

AssetImportWorkerClient::OnTransportError - code=2 error=End of file
